<?xml version="1.0" encoding="UTF-8"?>
<!-- Generated by org.testng.reporters.JUnitReportReporter -->
<testsuite hostname="HIBAML55118" failures="0" tests="2" name="com.haltrip.qa.testcases.HomePageTest" time="25.296" errors="0" timestamp="11 Dec 2019 12:53:59 GMT" skipped="0">
  <testcase classname="com.haltrip.qa.testcases.HomePageTest" name="verifyHomePageTitle" time="9.620"/>
  <testcase classname="com.haltrip.qa.testcases.HomePageTest" name="clickonContactsPage" time="15.676"/>
</testsuite> <!-- com.haltrip.qa.testcases.HomePageTest -->
