<?xml version="1.0" encoding="UTF-8"?>
<!-- Generated by org.testng.reporters.JUnitReportReporter -->
<testsuite hostname="HIBAML55118" failures="0" tests="3" name="com.haltrip.qa.testcases.ContactsPageTest" time="76.011" errors="0" timestamp="11 Dec 2019 12:53:59 GMT" skipped="0">
  <testcase classname="com.haltrip.qa.testcases.ContactsPageTest" name="ValidateCreateNewContact" time="20.696"/>
  <testcase classname="com.haltrip.qa.testcases.ContactsPageTest" name="ValidateCreateNewContact" time="37.416"/>
  <testcase classname="com.haltrip.qa.testcases.ContactsPageTest" name="ValidateCreateNewContact" time="17.899"/>
</testsuite> <!-- com.haltrip.qa.testcases.ContactsPageTest -->
